[debug] [2024-04-17T17:22:25.286Z] ----------------------------------------------------------------------
[debug] [2024-04-17T17:22:25.288Z] Command:       C:\Program Files\nodejs\node.exe C:\Users\ravik\AppData\Roaming\npm\node_modules\firebase-tools\lib\bin\firebase.js init
[debug] [2024-04-17T17:22:25.289Z] CLI Version:   13.7.2
[debug] [2024-04-17T17:22:25.289Z] Platform:      win32
[debug] [2024-04-17T17:22:25.290Z] Node Version:  v20.12.0
[debug] [2024-04-17T17:22:25.290Z] Time:          Wed Apr 17 2024 22:52:25 GMT+0530 (India Standard Time)
[debug] [2024-04-17T17:22:25.290Z] ----------------------------------------------------------------------
[debug] 
[debug] [2024-04-17T17:22:25.297Z] > command requires scopes: ["email","openid","https://www.googleapis.com/auth/cloudplatformprojects.readonly","https://www.googleapis.com/auth/firebase","https://www.googleapis.com/auth/cloud-platform"]
[debug] [2024-04-17T17:22:25.298Z] > authorizing via signed-in user (ravikumar11.04.1998@gmail.com)
[info] 
     ######## #### ########  ######## ########     ###     ######  ########
     ##        ##  ##     ## ##       ##     ##  ##   ##  ##       ##
     ######    ##  ########  ######   ########  #########  ######  ######
     ##        ##  ##    ##  ##       ##     ## ##     ##       ## ##
     ##       #### ##     ## ######## ########  ##     ##  ######  ########

You're about to initialize a Firebase project in this directory:

  C:\Users\ravik\Documents\Angular\instaNotes

[info] 
=== Project Setup
[info] 
[info] First, let's associate this project directory with a Firebase project.
[info] You can create multiple project aliases by running firebase use --add, 
[info] but for now we'll just set up a default project.
[info] 
[debug] [2024-04-17T17:22:45.319Z] > refreshing access token with scopes: []
[debug] [2024-04-17T17:22:45.321Z] >>> [apiv2][query] POST https://www.googleapis.com/oauth2/v3/token [none]
[debug] [2024-04-17T17:22:45.321Z] >>> [apiv2][body] POST https://www.googleapis.com/oauth2/v3/token [omitted]
[debug] [2024-04-17T17:22:45.663Z] <<< [apiv2][status] POST https://www.googleapis.com/oauth2/v3/token 200
[debug] [2024-04-17T17:22:45.663Z] <<< [apiv2][body] POST https://www.googleapis.com/oauth2/v3/token [omitted]
[debug] [2024-04-17T17:22:45.677Z] >>> [apiv2][query] GET https://firebase.googleapis.com/v1beta1/projects pageSize=100
[debug] [2024-04-17T17:22:46.411Z] <<< [apiv2][status] GET https://firebase.googleapis.com/v1beta1/projects 200
[debug] [2024-04-17T17:22:46.411Z] <<< [apiv2][body] GET https://firebase.googleapis.com/v1beta1/projects [omitted]
[info] i  Using project insta-notes-a1fe7 (Insta-notes) 
[info] 
=== Hosting Setup
[debug] [2024-04-17T17:22:50.723Z] >>> [apiv2][query] GET https://firebase.googleapis.com/v1beta1/projects/insta-notes-a1fe7 [none]
[debug] [2024-04-17T17:22:51.195Z] <<< [apiv2][status] GET https://firebase.googleapis.com/v1beta1/projects/insta-notes-a1fe7 200
[debug] [2024-04-17T17:22:51.195Z] <<< [apiv2][body] GET https://firebase.googleapis.com/v1beta1/projects/insta-notes-a1fe7 {"projectId":"insta-notes-a1fe7","projectNumber":"189198892043","displayName":"Insta-notes","name":"projects/insta-notes-a1fe7","resources":{"hostingSite":"insta-notes-a1fe7"},"state":"ACTIVE","etag":"1_9a9695fa-ce8c-40f7-8b0a-83bf0cdb3f98"}
[info] 
[info] Your public directory is the folder (relative to your project directory) that
[info] will contain Hosting assets to be uploaded with firebase deploy. If you
[info] have a build process for your assets, use your build's output directory.
[info] 
